<?xml version="1.0" encoding="UTF-8"?>
<testng-results ignored="0" total="2" passed="2" failed="0" skipped="0">
  <reporter-output>
    <line>
      <![CDATA[User has clicked on Allow all cookies button]]>
    </line>
    <line>
      <![CDATA[User has clicked on Create new account button]]>
    </line>
    <line>
      <![CDATA[User has entered text : Sania]]>
    </line>
    <line>
      <![CDATA[User has entered text : Mirza]]>
    </line>
    <line>
      <![CDATA[User has entered text : rukhsharfatema123@gmail.com]]>
    </line>
    <line>
      <![CDATA[User has entered text : rukhsharfatema123@gmail.com]]>
    </line>
    <line>
      <![CDATA[User has entered text : Lovely.10]]>
    </line>
    <line>
      <![CDATA[User has clicked on  button]]>
    </line>
    <line>
      <![CDATA[User has clicked on For myself button]]>
    </line>
    <line>
      <![CDATA[User has entered text : Rukhshar]]>
    </line>
    <line>
      <![CDATA[User has entered text : Fatema]]>
    </line>
    <line>
      <![CDATA[User has clicked on Next button]]>
    </line>
    <line>
      <![CDATA[User has entered text : 04]]>
    </line>
    <line>
      <![CDATA[User has entered text : 1995]]>
    </line>
    <line>
      <![CDATA[User has selected Female from the dropdown]]>
    </line>
    <line>
      <![CDATA[User has clicked on Next button]]>
    </line>
    <line>
      <![CDATA[User has clicked on  button]]>
    </line>
    <line>
      <![CDATA[User has clicked on Next button]]>
    </line>
  </reporter-output>
  <suite started-at="2023-07-12T13:18:46 CEST" name="Suite" finished-at="2023-07-12T13:18:59 CEST" duration-ms="13017">
    <groups>
    </groups>
    <test started-at="2023-07-12T13:18:46 CEST" name="Test" finished-at="2023-07-12T13:18:59 CEST" duration-ms="13017">
      <class name="RukhsharSelenium.FacebookLogin_TC_02">
        <test-method is-config="true" signature="launchBrowser()[pri:0, instance:RukhsharSelenium.FacebookLogin_TC_02@6d60fe40]" started-at="2023-07-12T13:18:50 CEST" name="launchBrowser" finished-at="2023-07-12T13:18:52 CEST" duration-ms="2702" status="PASS">
          <reporter-output>
          </reporter-output>
        </test-method> <!-- launchBrowser -->
        <test-method signature="facebookAccountCreation()[pri:0, instance:RukhsharSelenium.FacebookLogin_TC_02@6d60fe40]" started-at="2023-07-12T13:18:52 CEST" name="facebookAccountCreation" finished-at="2023-07-12T13:18:54 CEST" duration-ms="1585" status="PASS">
          <reporter-output>
            <line>
              <![CDATA[User has clicked on Allow all cookies button]]>
            </line>
            <line>
              <![CDATA[User has clicked on Create new account button]]>
            </line>
            <line>
              <![CDATA[User has entered text : Sania]]>
            </line>
            <line>
              <![CDATA[User has entered text : Mirza]]>
            </line>
            <line>
              <![CDATA[User has entered text : rukhsharfatema123@gmail.com]]>
            </line>
            <line>
              <![CDATA[User has entered text : rukhsharfatema123@gmail.com]]>
            </line>
            <line>
              <![CDATA[User has entered text : Lovely.10]]>
            </line>
            <line>
              <![CDATA[User has clicked on  button]]>
            </line>
          </reporter-output>
        </test-method> <!-- facebookAccountCreation -->
        <test-method is-config="true" signature="closeBrowser()[pri:0, instance:RukhsharSelenium.FacebookLogin_TC_02@6d60fe40]" started-at="2023-07-12T13:18:59 CEST" name="closeBrowser" finished-at="2023-07-12T13:18:59 CEST" duration-ms="221" status="PASS">
          <reporter-output>
          </reporter-output>
        </test-method> <!-- closeBrowser -->
      </class> <!-- RukhsharSelenium.FacebookLogin_TC_02 -->
      <class name="RukhsharSelenium.CreateGmailAccount_TC_01">
        <test-method is-config="true" signature="launchBrowser()[pri:0, instance:RukhsharSelenium.CreateGmailAccount_TC_01@7ae0a9ec]" started-at="2023-07-12T13:18:46 CEST" name="launchBrowser" finished-at="2023-07-12T13:18:50 CEST" duration-ms="3923" status="PASS">
          <reporter-output>
          </reporter-output>
        </test-method> <!-- launchBrowser -->
        <test-method signature="gmailAccountCreation()[pri:0, instance:RukhsharSelenium.CreateGmailAccount_TC_01@7ae0a9ec]" started-at="2023-07-12T13:18:54 CEST" name="gmailAccountCreation" finished-at="2023-07-12T13:18:58 CEST" duration-ms="4255" status="PASS">
          <reporter-output>
            <line>
              <![CDATA[User has clicked on For myself button]]>
            </line>
            <line>
              <![CDATA[User has entered text : Rukhshar]]>
            </line>
            <line>
              <![CDATA[User has entered text : Fatema]]>
            </line>
            <line>
              <![CDATA[User has clicked on Next button]]>
            </line>
            <line>
              <![CDATA[User has entered text : 04]]>
            </line>
            <line>
              <![CDATA[User has entered text : 1995]]>
            </line>
            <line>
              <![CDATA[User has selected Female from the dropdown]]>
            </line>
            <line>
              <![CDATA[User has clicked on Next button]]>
            </line>
            <line>
              <![CDATA[User has clicked on  button]]>
            </line>
            <line>
              <![CDATA[User has clicked on Next button]]>
            </line>
          </reporter-output>
        </test-method> <!-- gmailAccountCreation -->
        <test-method is-config="true" signature="closeBrowser()[pri:0, instance:RukhsharSelenium.CreateGmailAccount_TC_01@7ae0a9ec]" started-at="2023-07-12T13:18:58 CEST" name="closeBrowser" finished-at="2023-07-12T13:18:59 CEST" duration-ms="192" status="PASS">
          <reporter-output>
          </reporter-output>
        </test-method> <!-- closeBrowser -->
      </class> <!-- RukhsharSelenium.CreateGmailAccount_TC_01 -->
    </test> <!-- Test -->
  </suite> <!-- Suite -->
</testng-results>
